<?xml version="1.0" encoding="UTF-8"?>
<!-- Generated by org.testng.reporters.JUnitReportReporter -->
<testsuite hostname="DESKTOP-LRPJ512" failures="0" tests="4" name="tests.Login" time="73.265" errors="0" timestamp="2025-04-18T17:27:54 IST" skipped="0">
  <testcase classname="tests.Login" name="loginWithValidCredentials" time="18.221"/>
  <testcase classname="tests.Login" name="loginWithValidUsernameInvalidPassword" time="16.910"/>
  <testcase classname="tests.Login" name="loginWithInvalidUsernameValidPassword" time="18.453"/>
  <testcase classname="tests.Login" name="loginByEnteringNothinginBothTheFields" time="19.681"/>
</testsuite> <!-- tests.Login -->
