<?xml version="1.0" encoding="UTF-8"?>
<!-- Generated by org.testng.reporters.JUnitReportReporter -->
<testsuite hostname="DESKTOP-LRPJ512" failures="0" tests="1" name="tests.PushNotification" time="40.711" errors="0" timestamp="2025-04-25T18:53:20 IST" skipped="0">
  <testcase classname="tests.PushNotification" name="test_TC_PN_016_verifyTheSearchTextfield" time="40.711"/>
</testsuite> <!-- tests.PushNotification -->
