<?xml version="1.0" encoding="UTF-8"?>
<!-- Generated by org.testng.reporters.JUnitReportReporter -->
<testsuite hostname="DESKTOP-LRPJ512" failures="0" tests="1" name="tests.DocumentLibrary" time="37.141" errors="0" timestamp="2025-04-26T17:53:15 IST" skipped="0">
  <testcase classname="tests.DocumentLibrary" name="test_TC_DL_06_fillsNothingInAnyOfTheField" time="37.141"/>
</testsuite> <!-- tests.DocumentLibrary -->
