<?xml version="1.0" encoding="UTF-8"?>
<!-- Generated by org.testng.reporters.JUnitReportReporter -->
<testsuite hostname="DESKTOP-LRPJ512" failures="0" tests="1" name="tests.PushNotification" time="30.523" errors="0" timestamp="2025-04-21T19:27:56 IST" skipped="0">
  <testcase classname="tests.PushNotification" name="test_TC_PN_013_sendTOOptionsSelection" time="30.523"/>
</testsuite> <!-- tests.PushNotification -->
