<?xml version="1.0" encoding="UTF-8"?>
<!-- Generated by org.testng.reporters.JUnitReportReporter -->
<testsuite hostname="DESKTOP-LRPJ512" failures="0" tests="1" name="tests.Login" time="0.636" errors="0" timestamp="2025-03-14T23:00:24 IST" skipped="0">
  <testcase classname="tests.Login" name="loginWithValidCredentials" time="0.636"/>
</testsuite> <!-- tests.Login -->
