<?xml version="1.0" encoding="UTF-8"?>
<!-- Generated by org.testng.reporters.JUnitReportReporter -->
<testsuite hostname="DESKTOP-LRPJ512" failures="0" tests="1" name="tests.PushNotification" time="37.969" errors="0" timestamp="2025-03-28T15:37:12 IST" skipped="0">
  <testcase classname="tests.PushNotification" name="test_TC_PN_001_takenToPushNotificationsScreen" time="37.969"/>
</testsuite> <!-- tests.PushNotification -->
