<?xml version="1.0" encoding="UTF-8"?>
<!-- Generated by org.testng.reporters.JUnitReportReporter -->
<testsuite hostname="DESKTOP-LRPJ512" failures="0" tests="1" name="tests.Search" time="40.089" errors="0" timestamp="2025-07-20T12:21:46 IST" skipped="0">
  <testcase classname="tests.Search" name="test_TC_SA_05_verifyFilteringWithBothDraftAndPublishedOption" time="40.089"/>
</testsuite> <!-- tests.Search -->
