<?xml version="1.0" encoding="UTF-8"?>
<!-- Generated by org.testng.reporters.JUnitReportReporter -->
<testsuite hostname="DESKTOP-LRPJ512" failures="0" tests="1" name="tests.Search" time="50.100" errors="0" timestamp="2025-10-21T22:43:45 IST" skipped="0">
  <testcase classname="tests.Search" name="test_TC_SA_03_verifyFilteringWithOnlyDraftOption" time="50.100"/>
</testsuite> <!-- tests.Search -->
