<?xml version="1.0" encoding="UTF-8"?>
<!-- Generated by org.testng.reporters.JUnitReportReporter -->
<testsuite hostname="DESKTOP-LRPJ512" failures="0" tests="1" name="tests.SocialAutoPostTest" time="83.494" errors="0" timestamp="2025-08-31T12:28:58 IST" skipped="0">
  <testcase classname="tests.SocialAutoPostTest" name="test_TC_PN_07_whenPostedOnAllSocialMediaWithMicrositeURL" time="83.494"/>
</testsuite> <!-- tests.SocialAutoPostTest -->
