<?xml version="1.0" encoding="UTF-8"?>
<!-- Generated by org.testng.reporters.JUnitReportReporter -->
<testsuite hostname="DESKTOP-LRPJ512" failures="0" tests="1" name="tests.PushNotification" time="50.848" errors="0" timestamp="2025-04-26T13:07:52 IST" skipped="0">
  <testcase classname="tests.PushNotification" name="test_TC_PN_050_pushNotificationWithoutCsvUpload" time="50.848"/>
</testsuite> <!-- tests.PushNotification -->
