<?xml version="1.0" encoding="UTF-8"?>
<!-- Generated by org.testng.reporters.JUnitReportReporter -->
<testsuite hostname="DESKTOP-LRPJ512" failures="0" tests="1" name="tests.Search" time="33.749" errors="0" timestamp="2025-08-10T13:06:32 IST" skipped="0">
  <testcase classname="tests.Search" name="test_TC_SA_33_verifyDraftAndPublishedWithBookmarkQuickFilter" time="33.749"/>
</testsuite> <!-- tests.Search -->
