<?xml version="1.0" encoding="UTF-8"?>
<!-- Generated by org.testng.reporters.JUnitReportReporter -->
<testsuite hostname="DESKTOP-LRPJ512" failures="0" tests="3" name="tests.Login" time="69.789" errors="0" timestamp="2025-03-28T15:37:12 IST" skipped="0">
  <testcase classname="tests.Login" name="loginWithValidCredentials" time="34.742"/>
  <testcase classname="tests.Login" name="loginWithValidUsernameInvalidPassword" time="16.409"/>
  <testcase classname="tests.Login" name="loginWithInvalidUsernameValidPassword" time="18.638"/>
</testsuite> <!-- tests.Login -->
