<?xml version="1.0" encoding="UTF-8"?>
<!-- Generated by org.testng.reporters.JUnitReportReporter -->
<testsuite hostname="DESKTOP-LRPJ512" failures="0" tests="4" name="tests.Login" time="106.995" errors="0" timestamp="2025-10-21T15:56:22 IST" skipped="0">
  <testcase classname="tests.Login" name="loginWithVariousCredentials" time="36.175"/>
  <testcase classname="tests.Login" name="loginWithVariousCredentials" time="18.917"/>
  <testcase classname="tests.Login" name="loginWithVariousCredentials" time="31.442"/>
  <testcase classname="tests.Login" name="loginWithVariousCredentials" time="20.461"/>
</testsuite> <!-- tests.Login -->
