<?xml version="1.0" encoding="UTF-8"?>
<!-- Generated by org.testng.reporters.JUnitReportReporter -->
<testsuite hostname="DESKTOP-LRPJ512" failures="0" tests="1" name="tests.PushNotification" time="0.000" errors="0" timestamp="2025-03-26T18:22:15 IST" skipped="1">
  <testcase classname="tests.PushNotification" name="test_TC_PN_001_takenToPushNotificationsScreen" time="0.000">
    <skipped/>
  </testcase> <!-- test_TC_PN_001_takenToPushNotificationsScreen -->
</testsuite> <!-- tests.PushNotification -->
