<?xml version="1.0" encoding="UTF-8"?>
<!-- Generated by org.testng.reporters.JUnitReportReporter -->
<testsuite hostname="DESKTOP-LRPJ512" failures="0" tests="1" name="tests.Search" time="42.487" errors="0" timestamp="2025-10-23T14:05:03 IST" skipped="0">
  <testcase classname="tests.Search" name="test_TC_SA_31_verifyDraftAndPublishedWithEmailQuickFilter" time="42.487"/>
</testsuite> <!-- tests.Search -->
