<?xml version="1.0" encoding="UTF-8"?>
<!-- Generated by org.testng.reporters.JUnitReportReporter -->
<testsuite hostname="DESKTOP-LRPJ512" failures="0" tests="1" name="tests.PushNotification" time="21.974" errors="0" timestamp="2025-03-14T23:00:24 IST" skipped="0">
  <testcase classname="tests.PushNotification" name="test_TC_PN_001_takenToPushNotificationsScreen" time="21.974"/>
</testsuite> <!-- tests.PushNotification -->
