<?xml version="1.0" encoding="UTF-8"?>
<!-- Generated by org.testng.reporters.JUnitReportReporter -->
<testsuite hostname="DESKTOP-LRPJ512" failures="0" tests="1" name="tests.PushNotification" time="37.865" errors="0" timestamp="2025-04-19T11:53:36 IST" skipped="0">
  <testcase classname="tests.PushNotification" name="test_TC_PN_07_fillsAllTheFieldsExceptNotificationName" time="37.865"/>
</testsuite> <!-- tests.PushNotification -->
