<?xml version="1.0" encoding="UTF-8"?>
<!-- Generated by org.testng.reporters.JUnitReportReporter -->
<testsuite hostname="DESKTOP-LRPJ512" failures="0" tests="1" name="tests.Search" time="67.355" errors="0" timestamp="2025-07-27T11:36:19 IST" skipped="0">
  <testcase classname="tests.Search" name="test_TC_SA_27_verifyDraftAndPublishedWithBookmarkedQuickFilter" time="67.355"/>
</testsuite> <!-- tests.Search -->
