<?xml version="1.0" encoding="UTF-8"?>
<!-- Generated by org.testng.reporters.JUnitReportReporter -->
<testsuite hostname="DESKTOP-LRPJ512" failures="0" tests="4" name="tests.Login" time="79.749" errors="0" timestamp="2025-08-05T20:05:59 IST" skipped="0">
  <testcase classname="tests.Login" name="loginWithVariousCredentials" time="26.022"/>
  <testcase classname="tests.Login" name="loginWithVariousCredentials" time="18.971"/>
  <testcase classname="tests.Login" name="loginWithVariousCredentials" time="16.596"/>
  <testcase classname="tests.Login" name="loginWithVariousCredentials" time="18.160"/>
</testsuite> <!-- tests.Login -->
