<?xml version="1.0" encoding="UTF-8"?>
<!-- Generated by org.testng.reporters.JUnitReportReporter -->
<testsuite hostname="DESKTOP-LRPJ512" failures="0" tests="1" name="tests.SocialAutoPostTest" time="85.394" errors="0" timestamp="2025-08-23T20:47:51 IST" skipped="0">
  <testcase classname="tests.SocialAutoPostTest" name="test_TC_PN_01_whenPostedWithPngImageWithCobranding" time="85.394"/>
</testsuite> <!-- tests.SocialAutoPostTest -->
