<?xml version="1.0" encoding="UTF-8"?>
<!-- Generated by org.testng.reporters.JUnitReportReporter -->
<testsuite hostname="DESKTOP-LRPJ512" failures="0" tests="4" name="tests.Login" time="72.121" errors="0" timestamp="2025-06-29T12:07:59 IST" skipped="0">
  <testcase classname="tests.Login" name="loginWithVariousCredentials" time="23.189"/>
  <testcase classname="tests.Login" name="loginWithVariousCredentials" time="16.432"/>
  <testcase classname="tests.Login" name="loginWithVariousCredentials" time="16.909"/>
  <testcase classname="tests.Login" name="loginWithVariousCredentials" time="15.591"/>
</testsuite> <!-- tests.Login -->
